<?xml version="1.0" encoding="UTF-8"?>
<!-- Generated by org.testng.reporters.JUnitXMLReporter -->
<testsuite ignored="0" hostname="DESKTOP-RS652UV" failures="0" tests="3" name="Test1" time="12.25" errors="0" timestamp="2025-03-24T12:25:32 IST">
  <testcase classname="learnParllalExecution.Ashok" name="eatBiryani" time="0.03"/>
  <testcase classname="learnParllalExecution.Ram" name="classicalDancer" time="0.003"/>
  <testcase classname="learnParllalExecution.Vignesh" name="study" time="0.004"/>
</testsuite> <!-- Test1 -->
