<?xml version="1.0" encoding="UTF-8"?>
<!-- Generated by org.testng.reporters.JUnitXMLReporter -->
<testsuite ignored="2" hostname="DESKTOP-RS652UV" failures="0" tests="2" name="Test" time="0.146" errors="0" timestamp="2025-03-24T17:14:00 IST">
  <testcase classname="learnGroupExecution.Task1" name="m2" time="0.027"/>
  <testcase classname="learnGroupExecution.Task1" name="m4" time="0.008"/>
  <testcase classname="learnGroupExecution.Task1" name="m3" time="0.0">
    <ignored/>
  </testcase> <!-- m3 -->
  <testcase classname="learnGroupExecution.Task1" name="m1" time="0.0">
    <ignored/>
  </testcase> <!-- m1 -->
</testsuite> <!-- Test -->
