<?xml version="1.0" encoding="UTF-8"?>
<!-- Generated by org.testng.reporters.JUnitXMLReporter -->
<testsuite ignored="0" hostname="DESKTOP-RS652UV" failures="0" tests="3" name="Test2" time="10.934" errors="0" timestamp="2025-03-22T15:57:27 IST">
  <testcase classname="learnParllalExecution.Ashok" name="eatBiryani" time="0.035"/>
  <testcase classname="learnParllalExecution.Ram" name="classicalDancer" time="0.003"/>
  <testcase classname="learnParllalExecution.Vignesh" name="study" time="0.005"/>
</testsuite> <!-- Test2 -->
