<?xml version="1.0" encoding="UTF-8"?>
<testng-results ignored="0" total="1" passed="1" failed="0" skipped="0">
  <reporter-output>
  </reporter-output>
  <suite started-at="2025-03-31T02:01:19 IST" name="Default suite" finished-at="2025-03-31T02:01:32 IST" duration-ms="13383">
    <groups>
    </groups>
    <test started-at="2025-03-31T02:01:19 IST" name="Default test" finished-at="2025-03-31T02:01:32 IST" duration-ms="13383">
      <class name="learningPOM.OrderProduct">
        <test-method is-config="true" signature="settingBrowser()[pri:0, instance:learningPOM.OrderProduct@6743e411]" started-at="2025-03-31T02:01:19 IST" name="settingBrowser" finished-at="2025-03-31T02:01:23 IST" duration-ms="4804" status="PASS">
          <reporter-output>
          </reporter-output>
        </test-method> <!-- settingBrowser -->
        <test-method is-config="true" signature="login()[pri:0, instance:learningPOM.OrderProduct@6743e411]" started-at="2025-03-31T02:01:23 IST" name="login" finished-at="2025-03-31T02:01:28 IST" duration-ms="4267" status="PASS">
          <reporter-output>
          </reporter-output>
        </test-method> <!-- login -->
        <test-method signature="addProductoCart()[pri:0, instance:learningPOM.OrderProduct@6743e411]" started-at="2025-03-31T02:01:28 IST" name="addProductoCart" finished-at="2025-03-31T02:01:31 IST" duration-ms="3092" status="PASS">
          <reporter-output>
          </reporter-output>
        </test-method> <!-- addProductoCart -->
        <test-method is-config="true" signature="logout()[pri:0, instance:learningPOM.OrderProduct@6743e411]" started-at="2025-03-31T02:01:31 IST" name="logout" finished-at="2025-03-31T02:01:31 IST" duration-ms="591" status="PASS">
          <reporter-output>
          </reporter-output>
        </test-method> <!-- logout -->
        <test-method is-config="true" signature="closeBrowsre()[pri:0, instance:learningPOM.OrderProduct@6743e411]" started-at="2025-03-31T02:01:31 IST" name="closeBrowsre" finished-at="2025-03-31T02:01:32 IST" duration-ms="505" status="PASS">
          <reporter-output>
          </reporter-output>
        </test-method> <!-- closeBrowsre -->
      </class> <!-- learningPOM.OrderProduct -->
    </test> <!-- Default test -->
  </suite> <!-- Default suite -->
</testng-results>
