<?xml version="1.0" encoding="UTF-8"?>
<!-- Generated by org.testng.reporters.JUnitXMLReporter -->
<testsuite ignored="0" hostname="DESKTOP-RS652UV" failures="0" tests="8" name="Chrome" time="0.265" errors="0" timestamp="2025-03-21T14:49:01 IST">
  <testcase classname="learnBatchExecution.FirstYear" name="m1" time="0.032"/>
  <testcase classname="learnBatchExecution.FirstYear" name="m2" time="0.006"/>
  <testcase classname="learnBatchExecution.SecondYear" name="m3" time="0.006"/>
  <testcase classname="learnBatchExecution.SecondYear" name="m4" time="0.003"/>
  <testcase classname="learnBatchExecution.ThirdYear" name="m5" time="0.005"/>
  <testcase classname="learnBatchExecution.ThirdYear" name="m6" time="0.003"/>
  <testcase classname="learnBatchExecution.FourthYear" name="m7" time="0.004"/>
  <testcase classname="learnBatchExecution.FourthYear" name="m8" time="0.003"/>
</testsuite> <!-- Chrome -->
